<?xml version="1.0" encoding="UTF-8"?>
<robot generator="Robot 6.0.2 (Python 3.11.4 on win32)" generated="20241021 16:04:44.155" rpa="false" schemaversion="3">
<suite id="s1" name="TestPayment" source="C:\Users\User\Desktop\Final_Project\TestLogin\Test_Payment\TestPayment.robot">
<test id="s1-t1" name="TC12001 การชำระเงินที่พัก ผ่าน Visa" line="8">
<kw name="Open Browser" library="SeleniumLibrary">
<arg>${URL}</arg>
<arg>${BROWSER}</arg>
<doc>Opens a new browser instance to the optional ``url``.</doc>
<msg timestamp="20241021 16:04:44.349" level="INFO">Opening browser 'Edge' to base url 'https://h2-o-project-two.vercel.app/'.</msg>
<msg timestamp="20241021 16:04:44.356" level="INFO">Executing: C:\Users\User\AppData\Local\Programs\Python\Python311\Lib\site-packages\selenium\webdriver\common\windows\selenium-manager.exe --browser edge --output json</msg>
<status status="PASS" starttime="20241021 16:04:44.348" endtime="20241021 16:04:46.528"/>
</kw>
<kw name="Maximize Browser Window" library="SeleniumLibrary">
<doc>Maximizes current browser window.</doc>
<status status="PASS" starttime="20241021 16:04:46.529" endtime="20241021 16:04:46.573"/>
</kw>
<kw name="LoginUser" library="keywords">
<kw name="Sleep" library="BuiltIn">
<arg>3s</arg>
<doc>Pauses the test executed for the given time.</doc>
<msg timestamp="20241021 16:04:49.573" level="INFO">Slept 3 seconds</msg>
<status status="PASS" starttime="20241021 16:04:46.573" endtime="20241021 16:04:49.573"/>
</kw>
<kw name="Click Element" library="SeleniumLibrary">
<arg>${GetStart}</arg>
<doc>Click the element identified by ``locator``.</doc>
<msg timestamp="20241021 16:04:49.574" level="INFO">Clicking element 'id=GetStarted'.</msg>
<status status="PASS" starttime="20241021 16:04:49.573" endtime="20241021 16:04:49.616"/>
</kw>
<kw name="Input Text" library="SeleniumLibrary">
<arg>${Email}</arg>
<arg>${UserEmail}</arg>
<doc>Types the given ``text`` into the text field identified by ``locator``.</doc>
<msg timestamp="20241021 16:04:49.617" level="INFO">Typing text 'Payterlon@gmail.com' into text field 'name=email'.</msg>
<status status="PASS" starttime="20241021 16:04:49.617" endtime="20241021 16:04:49.741"/>
</kw>
<kw name="Input Text" library="SeleniumLibrary">
<arg>${Password}</arg>
<arg>${UserPassword}</arg>
<doc>Types the given ``text`` into the text field identified by ``locator``.</doc>
<msg timestamp="20241021 16:04:49.742" level="INFO">Typing text 'Guyzaza12!' into text field 'name=password'.</msg>
<status status="PASS" starttime="20241021 16:04:49.741" endtime="20241021 16:04:49.871"/>
</kw>
<kw name="Click Element" library="SeleniumLibrary">
<arg>${Login}</arg>
<doc>Click the element identified by ``locator``.</doc>
<msg timestamp="20241021 16:04:49.872" level="INFO">Clicking element 'id=Login'.</msg>
<status status="PASS" starttime="20241021 16:04:49.871" endtime="20241021 16:04:49.915"/>
</kw>
<kw name="Sleep" library="BuiltIn">
<arg>5s</arg>
<doc>Pauses the test executed for the given time.</doc>
<msg timestamp="20241021 16:04:54.916" level="INFO">Slept 5 seconds</msg>
<status status="PASS" starttime="20241021 16:04:49.915" endtime="20241021 16:04:54.916"/>
</kw>
<status status="PASS" starttime="20241021 16:04:46.573" endtime="20241021 16:04:54.916"/>
</kw>
<kw name="Search by Homestay" library="keywords">
<kw name="Click Button" library="SeleniumLibrary">
<arg>${People}</arg>
<doc>Clicks the button identified by ``locator``.</doc>
<msg timestamp="20241021 16:04:54.916" level="INFO">Clicking button 'id=people-buttonHomstay'.</msg>
<status status="PASS" starttime="20241021 16:04:54.916" endtime="20241021 16:04:54.963"/>
</kw>
<kw name="Click Button" library="SeleniumLibrary">
<arg>${Young}</arg>
<doc>Clicks the button identified by ``locator``.</doc>
<msg timestamp="20241021 16:04:54.964" level="INFO">Clicking button 'id=Increase[1]'.</msg>
<status status="PASS" starttime="20241021 16:04:54.963" endtime="20241021 16:04:55.015"/>
</kw>
<kw name="Click Button" library="SeleniumLibrary">
<arg>${Date}</arg>
<doc>Clicks the button identified by ``locator``.</doc>
<msg timestamp="20241021 16:04:55.016" level="INFO">Clicking button 'id=date-buttonHomstay'.</msg>
<status status="PASS" starttime="20241021 16:04:55.015" endtime="20241021 16:04:55.073"/>
</kw>
<kw name="Click Button" library="SeleniumLibrary">
<arg>${Date-Start}</arg>
<doc>Clicks the button identified by ``locator``.</doc>
<msg timestamp="20241021 16:04:55.073" level="INFO">Clicking button 'xpath=//*[@id="Calendar"]/div/div[2]/div/div/div/div[2]/button[19]'.</msg>
<status status="PASS" starttime="20241021 16:04:55.073" endtime="20241021 16:04:55.119"/>
</kw>
<kw name="Click Button" library="SeleniumLibrary">
<arg>${Date-End}</arg>
<doc>Clicks the button identified by ``locator``.</doc>
<msg timestamp="20241021 16:04:55.120" level="INFO">Clicking button 'xpath=//*[@id="Calendar"]/div/div[2]/div/div/div/div[2]/button[20]'.</msg>
<status status="PASS" starttime="20241021 16:04:55.120" endtime="20241021 16:04:55.163"/>
</kw>
<kw name="Wait Until Element Is Visible" library="SeleniumLibrary">
<arg>${NameSearch}</arg>
<arg>2s</arg>
<doc>Waits until the element ``locator`` is visible.</doc>
<status status="PASS" starttime="20241021 16:04:55.163" endtime="20241021 16:04:55.183"/>
</kw>
<kw name="Click Element" library="SeleniumLibrary">
<arg>${NameSearch}</arg>
<doc>Click the element identified by ``locator``.</doc>
<msg timestamp="20241021 16:04:55.184" level="INFO">Clicking element 'id=search-text'.</msg>
<status status="PASS" starttime="20241021 16:04:55.183" endtime="20241021 16:04:55.227"/>
</kw>
<kw name="Input Text" library="SeleniumLibrary">
<arg>${NameSearch}</arg>
<arg>${InputSearchProvince}</arg>
<doc>Types the given ``text`` into the text field identified by ``locator``.</doc>
<msg timestamp="20241021 16:04:55.228" level="INFO">Typing text 'สุพรรณบุรี' into text field 'id=search-text'.</msg>
<status status="PASS" starttime="20241021 16:04:55.227" endtime="20241021 16:04:55.321"/>
</kw>
<kw name="Click Element" library="SeleniumLibrary">
<arg>${Search}</arg>
<doc>Click the element identified by ``locator``.</doc>
<msg timestamp="20241021 16:04:55.321" level="INFO">Clicking element 'id=search-Homestay'.</msg>
<status status="PASS" starttime="20241021 16:04:55.321" endtime="20241021 16:04:55.400"/>
</kw>
<kw name="Sleep" library="BuiltIn">
<arg>5s</arg>
<doc>Pauses the test executed for the given time.</doc>
<msg timestamp="20241021 16:05:00.401" level="INFO">Slept 5 seconds</msg>
<status status="PASS" starttime="20241021 16:04:55.400" endtime="20241021 16:05:00.401"/>
</kw>
<kw name="Click Element" library="SeleniumLibrary">
<arg>${Homestay}</arg>
<doc>Click the element identified by ``locator``.</doc>
<msg timestamp="20241021 16:05:00.402" level="INFO">Clicking element 'id=default-carousel'.</msg>
<status status="PASS" starttime="20241021 16:05:00.401" endtime="20241021 16:05:00.456"/>
</kw>
<status status="PASS" starttime="20241021 16:04:54.916" endtime="20241021 16:05:00.457"/>
</kw>
<kw name="Choose the room booking" library="keywords">
<kw name="Sleep" library="BuiltIn">
<arg>5s</arg>
<doc>Pauses the test executed for the given time.</doc>
<msg timestamp="20241021 16:05:05.457" level="INFO">Slept 5 seconds</msg>
<status status="PASS" starttime="20241021 16:05:00.457" endtime="20241021 16:05:05.457"/>
</kw>
<kw name="Scroll Element Into View" library="SeleniumLibrary">
<arg>${Scroll}</arg>
<doc>Scrolls the element identified by ``locator`` into view.</doc>
<status status="PASS" starttime="20241021 16:05:05.457" endtime="20241021 16:05:05.739"/>
</kw>
<kw name="Click Button" library="SeleniumLibrary">
<arg>${bookingHomestay}</arg>
<doc>Clicks the button identified by ``locator``.</doc>
<msg timestamp="20241021 16:05:05.740" level="INFO">Clicking button 'xpath=//*[@id="detailTypeRoom"]/div/div/div[2]/div/div[2]/div/div/div[4]/button'.</msg>
<status status="PASS" starttime="20241021 16:05:05.739" endtime="20241021 16:05:05.816"/>
</kw>
<kw name="Wait Until Element Is Visible" library="SeleniumLibrary">
<arg>${Payment}</arg>
<arg>5s</arg>
<doc>Waits until the element ``locator`` is visible.</doc>
<status status="PASS" starttime="20241021 16:05:05.816" endtime="20241021 16:05:05.842"/>
</kw>
<kw name="Click Button" library="SeleniumLibrary">
<arg>${Payment}</arg>
<doc>Clicks the button identified by ``locator``.</doc>
<msg timestamp="20241021 16:05:05.843" level="INFO">Clicking button 'xpath=//*[@id="root"]/div[3]/div[2]/div/div/div[1]/div[3]/div/div[4]/button'.</msg>
<status status="PASS" starttime="20241021 16:05:05.842" endtime="20241021 16:05:05.905"/>
</kw>
<status status="PASS" starttime="20241021 16:05:00.457" endtime="20241021 16:05:05.905"/>
</kw>
<kw name="Payment" library="keywords">
<kw name="Wait Until Element Is Visible" library="SeleniumLibrary">
<arg>${CardNumber}</arg>
<arg>4s</arg>
<doc>Waits until the element ``locator`` is visible.</doc>
<status status="PASS" starttime="20241021 16:05:05.906" endtime="20241021 16:05:08.815"/>
</kw>
<kw name="Input Text" library="SeleniumLibrary">
<arg>${CardNumber}</arg>
<arg>4242 4242 4242 4242</arg>
<doc>Types the given ``text`` into the text field identified by ``locator``.</doc>
<msg timestamp="20241021 16:05:08.815" level="INFO">Typing text '4242 4242 4242 4242' into text field 'id=cardNumber'.</msg>
<status status="PASS" starttime="20241021 16:05:08.815" endtime="20241021 16:05:09.308"/>
</kw>
<kw name="Input Text" library="SeleniumLibrary">
<arg>${CardExpiry}</arg>
<arg>0528</arg>
<doc>Types the given ``text`` into the text field identified by ``locator``.</doc>
<msg timestamp="20241021 16:05:09.309" level="INFO">Typing text '0528' into text field 'id=cardExpiry'.</msg>
<status status="PASS" starttime="20241021 16:05:09.309" endtime="20241021 16:05:09.428"/>
</kw>
<kw name="Input Text" library="SeleniumLibrary">
<arg>${CardCvc}</arg>
<arg>121</arg>
<doc>Types the given ``text`` into the text field identified by ``locator``.</doc>
<msg timestamp="20241021 16:05:09.429" level="INFO">Typing text '121' into text field 'id=cardCvc'.</msg>
<status status="PASS" starttime="20241021 16:05:09.428" endtime="20241021 16:05:09.546"/>
</kw>
<kw name="Input Text" library="SeleniumLibrary">
<arg>${CardName}</arg>
<arg>Suttiguy</arg>
<doc>Types the given ``text`` into the text field identified by ``locator``.</doc>
<msg timestamp="20241021 16:05:09.547" level="INFO">Typing text 'Suttiguy' into text field 'id=billingName'.</msg>
<status status="PASS" starttime="20241021 16:05:09.546" endtime="20241021 16:05:09.741"/>
</kw>
<kw name="Scroll Element Into View" library="SeleniumLibrary">
<arg>${Pay}</arg>
<doc>Scrolls the element identified by ``locator`` into view.</doc>
<status status="PASS" starttime="20241021 16:05:09.741" endtime="20241021 16:05:10.126"/>
</kw>
<kw name="Click Element" library="SeleniumLibrary">
<arg>${Pay}</arg>
<doc>Click the element identified by ``locator``.</doc>
<msg timestamp="20241021 16:05:10.127" level="INFO">Clicking element 'xpath=//*[@id="root"]/div/div/div[2]/main/div/form/div[1]/div/div/div[3]/div/div[3]/button/div[3]'.</msg>
<status status="PASS" starttime="20241021 16:05:10.126" endtime="20241021 16:05:10.203"/>
</kw>
<status status="PASS" starttime="20241021 16:05:05.905" endtime="20241021 16:05:10.203"/>
</kw>
<kw name="check Payment" library="keywords">
<kw name="Sleep" library="BuiltIn">
<arg>5s</arg>
<doc>Pauses the test executed for the given time.</doc>
<msg timestamp="20241021 16:05:15.204" level="INFO">Slept 5 seconds</msg>
<status status="PASS" starttime="20241021 16:05:10.204" endtime="20241021 16:05:15.204"/>
</kw>
<kw name="Wait Until Element Is Enabled" library="SeleniumLibrary">
<arg>${Checkbill}</arg>
<arg>5s</arg>
<doc>Waits until the element ``locator`` is enabled.</doc>
<status status="PASS" starttime="20241021 16:05:15.204" endtime="20241021 16:05:15.624"/>
</kw>
<kw name="Element Should Be Visible" library="SeleniumLibrary">
<arg>${Checkbill}</arg>
<arg>การชำระเงินของคุณได้รับการดำเนินการเรียบร้อยแล้ว</arg>
<doc>Verifies that the element identified by ``locator`` is visible.</doc>
<msg timestamp="20241021 16:05:15.645" level="INFO">Element 'xpath=//*[@id="root"]/div[3]/div' is displayed.</msg>
<status status="PASS" starttime="20241021 16:05:15.624" endtime="20241021 16:05:15.645"/>
</kw>
<status status="PASS" starttime="20241021 16:05:10.204" endtime="20241021 16:05:15.645"/>
</kw>
<kw name="Capture Screenshot" library="keywords">
<kw name="Sleep" library="BuiltIn">
<arg>5s</arg>
<doc>Pauses the test executed for the given time.</doc>
<msg timestamp="20241021 16:05:20.648" level="INFO">Slept 5 seconds</msg>
<status status="PASS" starttime="20241021 16:05:15.646" endtime="20241021 16:05:20.648"/>
</kw>
<kw name="Get Time" library="BuiltIn">
<var>${timestamp}</var>
<arg>epoch</arg>
<doc>Returns the given time in the requested format.</doc>
<msg timestamp="20241021 16:05:20.648" level="INFO">${timestamp} = 1729501520</msg>
<status status="PASS" starttime="20241021 16:05:20.648" endtime="20241021 16:05:20.648"/>
</kw>
<kw name="Set Variable" library="BuiltIn">
<var>${screenshot_path}</var>
<arg>${SCREENSHOT_DIR}/screenshot_${timestamp}.png</arg>
<doc>Returns the given values which can then be assigned to a variables.</doc>
<msg timestamp="20241021 16:05:20.648" level="INFO">${screenshot_path} = C:\Users\User\Desktop\Final_Project\TestLogin\Test_Payment/screenshots/Payment/screenshot_1729501520.png</msg>
<status status="PASS" starttime="20241021 16:05:20.648" endtime="20241021 16:05:20.648"/>
</kw>
<kw name="Capture Page Screenshot" library="SeleniumLibrary">
<arg>${screenshot_path}</arg>
<doc>Takes a screenshot of the current page and embeds it into a log file.</doc>
<msg timestamp="20241021 16:05:20.763" level="INFO" html="true">&lt;/td&gt;&lt;/tr&gt;&lt;tr&gt;&lt;td colspan="3"&gt;&lt;a href="screenshots/Payment/screenshot_1729501520.png"&gt;&lt;img src="screenshots/Payment/screenshot_1729501520.png" width="800px"&gt;&lt;/a&gt;</msg>
<status status="PASS" starttime="20241021 16:05:20.648" endtime="20241021 16:05:20.763"/>
</kw>
<status status="PASS" starttime="20241021 16:05:15.646" endtime="20241021 16:05:20.764"/>
</kw>
<kw name="Close Browser" library="SeleniumLibrary">
<doc>Closes the current browser.</doc>
<status status="PASS" starttime="20241021 16:05:20.764" endtime="20241021 16:05:22.975"/>
</kw>
<status status="PASS" starttime="20241021 16:04:44.347" endtime="20241021 16:05:22.976"/>
</test>
<status status="PASS" starttime="20241021 16:04:44.156" endtime="20241021 16:05:22.977"/>
</suite>
<statistics>
<total>
<stat pass="1" fail="0" skip="0">All Tests</stat>
</total>
<tag>
</tag>
<suite>
<stat pass="1" fail="0" skip="0" id="s1" name="TestPayment">TestPayment</stat>
</suite>
</statistics>
<errors>
</errors>
</robot>
